1	1	12c194825c.jpg
2	1	0d4996fa51.jpg
3	3	48cec317f8.jpg
4	4	ff10ec6344.jpg
5	1	0dbaa78bed.jpg
6	4	1a07e283ec.jpg
7	1	7e449c2116.jpg
8	4	66f7e8b3dc.jpg
9	1	1a9935d664.jpg
10	5	0fc5ccf675.jpg
11	4	17f2f8983d.jpg
12	5	22a6d697ed.jpg
13	2	2394.jpg
14	2	2146.jpg
15	2	2243.jpg
16	2	2216.jpg
17	5	22a4e95bf3.jpg
18	2	10101.jpg
19	3	4a36e3634a.jpg
20	2	2232.jpg
21	2	2217.jpg
22	2	8691.jpg
23	4	03d6b6c8bf.jpg
24	0	5bbfea04ef.jpg
25	3	94ea667177.jpg
26	2	2189.jpg
27	1	8cbd20c75a.jpg
28	4	8f15f4c843.jpg
29	2	2186.jpg
30	1	11c94c40e2.jpg
31	2	2168.jpg
32	2	2153.jpg
33	2	9976.jpg
34	2	14141.jpg
35	4	50bf6c59a0.jpg
36	0	96a3d9dbd7.jpg
37	3	62da137ddc.jpg
38	2	2145.jpg
39	1	24cc413828.jpg
40	2	2183.jpg
41	2	2215.jpg
42	5	9e0742c4fe.jpg
43	5	4e90e378c3.jpg
44	5	4c7de300c1.jpg
45	1	7f07bfd866.jpg
46	3	86a3cfa716.jpg
47	4	4d8e65abc7.jpg
48	2	2427.jpg
49	1	49be6673a4.jpg
50	3	550d80120c.jpg
51	3	68a7630f5c.jpg
52	5	2d450c59c0.jpg
53	4	2c2b126785.jpg
54	4	5e7bb896c2.jpg
55	3	9323d918ed.jpg
56	3	120f65f860.jpg
57	5	8da3f09798.jpg
58	3	0d21db0c78.jpg
59	5	6a8fb11cb3.jpg
60	2	2194.jpg
61	2	2185.jpg
62	5	1bdca38506.jpg
63	4	2befa9041b.jpg
64	3	6f50c4d836.jpg
65	1	4c93974631.jpg
66	2	2177.jpg
67	0	7f995e322c.jpg
68	1	02f1073956.jpg
69	2	12866.jpg
70	5	87ffcd3f38.jpg
71	1	92bbca54fc.jpg
72	3	25da4ae00a.jpg
73	0	495ee7079c.jpg
74	1	344e57562c.jpg
75	2	2192.jpg
76	4	2f238b1987.jpg
77	0	09cf92f743.jpg
78	2	2198.jpg
79	4	69c9829692.jpg
80	4	3ec0d9cd53.jpg
81	4	6e810ab6c8.jpg
82	2	2191.jpg
83	4	34f8ac7bde.jpg
84	5	7b782e9b11.jpg
85	1	86c96c8074.jpg
86	5	87e45dce1f.jpg
87	0	0cfbaa338f.jpg
88	3	8aa3b2afbe.jpg
89	0	08d39d0f4d.jpg
90	2	2222.jpg
91	1	303fd01f4b.jpg
92	3	5c6b9a64d1.jpg
93	2	2203.jpg
94	4	6a457ae0af.jpg
95	0	4df1dc7310.jpg
96	2	2219.jpg
97	0	6d713ab135.jpg
98	1	2c7998d692.jpg
99	4	2aaa2b7efd.jpg
100	0	71aad6f53b.jpg
101	4	17c688a30f.jpg
102	4	24a3f072c3.jpg
103	0	7a171dca50.jpg
104	3	1a7e08e47c.jpg
105	0	6d60806c01.jpg
106	2	3131.jpg
107	1	6e9e9aac85.jpg
108	1	9fc6cd4fd0.jpg
109	5	7e0d0cb451.jpg
110	1	53cec4730e.jpg
111	5	52cb2d1360.jpg
112	1	6e59c0c513.jpg
113	2	2151.jpg
114	2	2209.jpg
115	4	37accdd1a9.jpg
116	1	58c5ae0e4e.jpg
117	1	0f4d4e7d4d.jpg
118	4	8c0dd58c75.jpg
119	2	2199.jpg
120	1	0bdb84b6c1.jpg
121	2	2159.jpg
122	1	20ba558606.jpg
123	3	4838cd45a9.jpg
124	5	90abf5952d.jpg
125	4	1b5a3fe7b1.jpg
126	3	7abb1944a1.jpg
127	5	6df349d8b4.jpg
128	3	884a611535.jpg
129	5	8b3dd555dd.jpg
130	0	259fec3fd7.jpg
131	4	07d37bf39e.jpg
132	1	9a40bbb289.jpg
133	5	9de4fa3092.jpg
134	2	2221.jpg
135	0	197c1012ba.jpg
136	4	37c3a8a10b.jpg
137	0	6dab0b74ff.jpg
138	2	2157.jpg
139	1	0bd1ea561b.jpg
140	1	93b3ac4b48.jpg
141	3	0a00f7a061.jpg
142	2	7101.jpg
143	5	48b7f32459.jpg
144	2	2401.jpg
145	5	1fceda81a2.jpg
146	2	3451.jpg
147	0	3a29010611.jpg
148	0	4dcac6039e.jpg
149	2	2156.jpg
150	5	0f6ba7d62b.jpg
151	3	9a0c6a09df.jpg
152	2	16656.jpg
153	2	2201.jpg
154	0	3d828ee706.jpg
155	5	5b8729a6de.jpg
156	5	71b05600f8.jpg
157	4	3d0a24d326.jpg
158	3	4a90236fd2.jpg
159	2	7086.jpg
160	1	8fc9559fc1.jpg
161	0	5bd195cf29.jpg
162	3	50cd6cea07.jpg
163	0	9d61244f2a.jpg
164	3	268e4225b7.jpg
165	1	69c5fe39d4.jpg
166	0	2c784b864a.jpg
167	1	08aa329b56.jpg
168	3	8c96f6e9f0.jpg
169	0	8a6716039b.jpg
170	3	3e1eb0425e.jpg
171	2	7111.jpg
172	2	15836.jpg
173	3	9f1a82530f.jpg
174	0	7faf24f23c.jpg
175	2	7121.jpg
176	1	18a7c2ebbf.jpg
177	1	2e08e3520d.jpg
178	1	0eb51dddee.jpg
179	5	7f5cbe8977.jpg
180	0	2caed0387c.jpg
181	5	6f53edbc49.jpg
182	2	15866.jpg
183	5	2c2a01f358.jpg
184	2	2225.jpg
185	2	2174.jpg
186	2	2272.jpg
187	1	55d7c4d3cd.jpg
188	5	0f85e2b66b.jpg
189	3	03eb1b314b.jpg
190	2	2161.jpg
191	5	7fd2e4142d.jpg
192	2	2240.jpg
193	5	7a7ddaba18.jpg
194	2	7096.jpg
195	4	6aaaf3a271.jpg
196	0	8b94b5d529.jpg
197	0	1ecc081899.jpg
198	4	45ec05463b.jpg
199	0	94be0c5a37.jpg
200	2	3121.jpg
201	3	3f259a7887.jpg
202	2	2171.jpg
203	4	17e943a6ad.jpg
204	3	3f6cbf9e69.jpg
205	3	0cc98fee57.jpg
206	2	16576.jpg
207	1	4f365b6a6e.jpg
208	0	484d3397a2.jpg
209	4	2c31ede4f0.jpg
210	1	6e4342b217.jpg
211	5	35e8e447e8.jpg
212	4	7a7dc210a7.jpg
213	1	5d98d8ba12.jpg
214	3	151d88cdf9.jpg
215	3	53db8925d3.jpg
216	2	2162.jpg
217	0	720bed337f.jpg
218	4	5cbfa5af07.jpg
219	3	643e101886.jpg
220	2	2169.jpg
221	0	03c7cea31f.jpg
222	0	7fc98f7b2a.jpg
223	2	16396.jpg
224	3	35ea12b897.jpg
225	5	42cd5c9da6.jpg
226	0	3e8d462116.jpg
227	5	61c54deffe.jpg
228	5	1ff6533b1b.jpg
229	5	84a03b7770.jpg
230	0	83ac6b6c8d.jpg
231	3	4aa7f5ff1d.jpg
232	0	3bc2b28fdd.jpg
233	2	2429.jpg
234	1	30da6b75a0.jpg
235	2	2235.jpg
236	3	537d446abd.jpg
237	5	00f71ae408.jpg
238	1	6a534cdb95.jpg
239	1	9e825a5ad2.jpg
240	0	368b89d59d.jpg
241	0	08a181b048.jpg
242	4	3b9bcf1c3d.jpg
243	2	2187.jpg
244	0	511e0951f8.jpg
245	1	01b09ede52.jpg
246	4	6efa03f4c5.jpg
247	5	1d6eceed78.jpg
248	5	7aa02f59f5.jpg
249	2	14441.jpg
250	3	3a4bd740a0.jpg
251	2	3126.jpg
252	5	6b6b0ec80d.jpg
253	0	5feb2100f9.jpg
254	4	5e41b6ffb1.jpg
255	2	15826.jpg
256	4	8e2f9a013f.jpg
257	3	377eb2641c.jpg
258	3	4b038131a9.jpg
259	5	4edec3504d.jpg
260	3	657b444fee.jpg
261	3	52b6d8a06b.jpg
262	3	356f82abc7.jpg
263	2	4741.jpg
264	5	1c0f6fc48f.jpg
265	2	7116.jpg
266	2	2141.jpg
267	4	4e1ca3a33b.jpg
268	4	0b03acbfd4.jpg
269	5	043df7708c.jpg
270	0	85e5dcd314.jpg
271	0	4dc054d71e.jpg
272	1	7db2361a8c.jpg
273	5	4ca3440732.jpg
274	5	04bada9c65.jpg
275	2	16016.jpg
276	3	33eb3e6475.jpg
277	3	391ce46fdb.jpg
278	4	5c270099da.jpg
279	0	81def64446.jpg
280	1	4eb04de4e0.jpg
